<?xml version="1.0" encoding="UTF-8"?>
<!-- Generated by org.testng.reporters.JUnitReportReporter -->
<testsuite hostname="DESKTOP-J80IKB4" name="com.hepsiburada.case1.tests.Case1_Test" tests="7" failures="0" timestamp="29 Mar 2021 03:26:51 GMT" time="45.949" errors="0">
  <testcase name="searchProduct_addtoCart" time="11.786" classname="com.hepsiburada.case1.tests.Case1_Test"/>
  <testcase name="gotoBasketPage" time="3.106" classname="com.hepsiburada.case1.tests.Case1_Test"/>
  <testcase name="gotoLoginPage" time="2.357" classname="com.hepsiburada.case1.tests.Case1_Test"/>
  <testcase name="enterLoginInfo_gotoHomePage" time="5.826" classname="com.hepsiburada.case1.tests.Case1_Test"/>
  <testcase name="BasePageNavigation" time="10.934" classname="com.hepsiburada.case1.tests.Case1_Test"/>
  <testcase name="verifySelectedProduct" time="5.056" classname="com.hepsiburada.case1.tests.Case1_Test"/>
  <testcase name="verifyLogin" time="6.884" classname="com.hepsiburada.case1.tests.Case1_Test"/>
</testsuite> <!-- com.hepsiburada.case1.tests.Case1_Test -->
